This is pdfTeX, Version 3.14159265-2.6-1.40.19 (MiKTeX 2.9.6840)
entering extended mode
(/var/folders/7l/1tpv38hj2fvdkq4slfx1ldcw0000gn/T/tmp547a43_z/circuit.tex
LaTeX2e <2018-04-01> patch level 5

("/Users/naphann/Library/Application Support/MiKTeX/texmfs/install/tex/latex/be
amer/beamer.cls"
Document Class: beamer 2018/09/20 v3.54 A class for typesetting presentations

("/Users/naphann/Library/Application Support/MiKTeX/texmfs/install/tex/latex/be
amer/beamerbasemodes.sty"
("/Users/naphann/Library/Application Support/MiKTeX/texmfs/install/tex/latex/et
oolbox/etoolbox.sty")
("/Users/naphann/Library/Application Support/MiKTeX/texmfs/install/tex/latex/be
amer/beamerbasedecode.sty"))
("/Users/naphann/Library/Application Support/MiKTeX/texmfs/install/tex/generic/
oberdiek/ifpdf.sty")
("/Users/naphann/Library/Application Support/MiKTeX/texmfs/install/tex/latex/be
amer/beamerbaseoptions.sty"
("/Users/naphann/Library/Application Support/MiKTeX/texmfs/install/tex/latex/gr
aphics/keyval.sty"))
("/Users/naphann/Library/Application Support/MiKTeX/texmfs/install/tex/latex/ge
ometry/geometry.sty"
("/Users/naphann/Library/Application Support/MiKTeX/texmfs/install/tex/generic/
oberdiek/ifvtex.sty")
("/Users/naphann/Library/Application Support/MiKTeX/texmfs/install/tex/generic/
ifxetex/ifxetex.sty")
("/Users/naphann/Library/Application Support/MiKTeX/texmfs/install/tex/latex/ge
ometry/geometry.cfg"))
("/Users/naphann/Library/Application Support/MiKTeX/texmfs/install/tex/latex/ba
se/size11.clo")
("/Users/naphann/Library/Application Support/MiKTeX/texmfs/install/tex/latex/pg
f/basiclayer/pgfcore.sty"
("/Users/naphann/Library/Application Support/MiKTeX/texmfs/install/tex/latex/gr
aphics/graphicx.sty"
("/Users/naphann/Library/Application Support/MiKTeX/texmfs/install/tex/latex/gr
aphics/graphics.sty"
("/Users/naphann/Library/Application Support/MiKTeX/texmfs/install/tex/latex/gr
aphics/trig.sty")
("/Users/naphann/Library/Application Support/MiKTeX/texmfs/install/tex/latex/gr
aphics-cfg/graphics.cfg")
("/Users/naphann/Library/Application Support/MiKTeX/texmfs/install/tex/latex/gr
aphics-def/pdftex.def")))
("/Users/naphann/Library/Application Support/MiKTeX/texmfs/install/tex/latex/pg
f/systemlayer/pgfsys.sty"
("/Users/naphann/Library/Application Support/MiKTeX/texmfs/install/tex/latex/pg
f/utilities/pgfrcs.sty"
("/Users/naphann/Library/Application Support/MiKTeX/texmfs/install/tex/generic/
pgf/utilities/pgfutil-common.tex"
("/Users/naphann/Library/Application Support/MiKTeX/texmfs/install/tex/generic/
pgf/utilities/pgfutil-common-lists.tex"))
("/Users/naphann/Library/Application Support/MiKTeX/texmfs/install/tex/generic/
pgf/utilities/pgfutil-latex.def"
("/Users/naphann/Library/Application Support/MiKTeX/texmfs/install/tex/latex/ms
/everyshi.sty"))
("/Users/naphann/Library/Application Support/MiKTeX/texmfs/install/tex/generic/
pgf/utilities/pgfrcs.code.tex"))
("/Users/naphann/Library/Application Support/MiKTeX/texmfs/install/tex/generic/
pgf/systemlayer/pgfsys.code.tex"
("/Users/naphann/Library/Application Support/MiKTeX/texmfs/install/tex/generic/
pgf/utilities/pgfkeys.code.tex"
("/Users/naphann/Library/Application Support/MiKTeX/texmfs/install/tex/generic/
pgf/utilities/pgfkeysfiltered.code.tex"))
("/Users/naphann/Library/Application Support/MiKTeX/texmfs/install/tex/generic/
pgf/systemlayer/pgf.cfg")
("/Users/naphann/Library/Application Support/MiKTeX/texmfs/install/tex/generic/
pgf/systemlayer/pgfsys-pdftex.def"
("/Users/naphann/Library/Application Support/MiKTeX/texmfs/install/tex/generic/
pgf/systemlayer/pgfsys-common-pdf.def")))
("/Users/naphann/Library/Application Support/MiKTeX/texmfs/install/tex/generic/
pgf/systemlayer/pgfsyssoftpath.code.tex")
("/Users/naphann/Library/Application Support/MiKTeX/texmfs/install/tex/generic/
pgf/systemlayer/pgfsysprotocol.code.tex"))
("/Users/naphann/Library/Application Support/MiKTeX/texmfs/install/tex/latex/xc
olor/xcolor.sty"
("/Users/naphann/Library/Application Support/MiKTeX/texmfs/install/tex/latex/gr
aphics-cfg/color.cfg"))
("/Users/naphann/Library/Application Support/MiKTeX/texmfs/install/tex/generic/
pgf/basiclayer/pgfcore.code.tex"
("/Users/naphann/Library/Application Support/MiKTeX/texmfs/install/tex/generic/
pgf/math/pgfmath.code.tex"
("/Users/naphann/Library/Application Support/MiKTeX/texmfs/install/tex/generic/
pgf/math/pgfmathcalc.code.tex"
("/Users/naphann/Library/Application Support/MiKTeX/texmfs/install/tex/generic/
pgf/math/pgfmathutil.code.tex")
("/Users/naphann/Library/Application Support/MiKTeX/texmfs/install/tex/generic/
pgf/math/pgfmathparser.code.tex")
("/Users/naphann/Library/Application Support/MiKTeX/texmfs/install/tex/generic/
pgf/math/pgfmathfunctions.code.tex"
("/Users/naphann/Library/Application Support/MiKTeX/texmfs/install/tex/generic/
pgf/math/pgfmathfunctions.basic.code.tex")
("/Users/naphann/Library/Application Support/MiKTeX/texmfs/install/tex/generic/
pgf/math/pgfmathfunctions.trigonometric.code.tex")
("/Users/naphann/Library/Application Support/MiKTeX/texmfs/install/tex/generic/
pgf/math/pgfmathfunctions.random.code.tex")
("/Users/naphann/Library/Application Support/MiKTeX/texmfs/install/tex/generic/
pgf/math/pgfmathfunctions.comparison.code.tex")
("/Users/naphann/Library/Application Support/MiKTeX/texmfs/install/tex/generic/
pgf/math/pgfmathfunctions.base.code.tex")
("/Users/naphann/Library/Application Support/MiKTeX/texmfs/install/tex/generic/
pgf/math/pgfmathfunctions.round.code.tex")
("/Users/naphann/Library/Application Support/MiKTeX/texmfs/install/tex/generic/
pgf/math/pgfmathfunctions.misc.code.tex")
("/Users/naphann/Library/Application Support/MiKTeX/texmfs/install/tex/generic/
pgf/math/pgfmathfunctions.integerarithmetics.code.tex")))
("/Users/naphann/Library/Application Support/MiKTeX/texmfs/install/tex/generic/
pgf/math/pgfmathfloat.code.tex"))
("/Users/naphann/Library/Application Support/MiKTeX/texmfs/install/tex/generic/
pgf/basiclayer/pgfcorepoints.code.tex")
("/Users/naphann/Library/Application Support/MiKTeX/texmfs/install/tex/generic/
pgf/basiclayer/pgfcorepathconstruct.code.tex")
("/Users/naphann/Library/Application Support/MiKTeX/texmfs/install/tex/generic/
pgf/basiclayer/pgfcorepathusage.code.tex")
("/Users/naphann/Library/Application Support/MiKTeX/texmfs/install/tex/generic/
pgf/basiclayer/pgfcorescopes.code.tex")
("/Users/naphann/Library/Application Support/MiKTeX/texmfs/install/tex/generic/
pgf/basiclayer/pgfcoregraphicstate.code.tex")
("/Users/naphann/Library/Application Support/MiKTeX/texmfs/install/tex/generic/
pgf/basiclayer/pgfcoretransformations.code.tex")
("/Users/naphann/Library/Application Support/MiKTeX/texmfs/install/tex/generic/
pgf/basiclayer/pgfcorequick.code.tex")
("/Users/naphann/Library/Application Support/MiKTeX/texmfs/install/tex/generic/
pgf/basiclayer/pgfcoreobjects.code.tex")
("/Users/naphann/Library/Application Support/MiKTeX/texmfs/install/tex/generic/
pgf/basiclayer/pgfcorepathprocessing.code.tex")
("/Users/naphann/Library/Application Support/MiKTeX/texmfs/install/tex/generic/
pgf/basiclayer/pgfcorearrows.code.tex")
("/Users/naphann/Library/Application Support/MiKTeX/texmfs/install/tex/generic/
pgf/basiclayer/pgfcoreshade.code.tex")
("/Users/naphann/Library/Application Support/MiKTeX/texmfs/install/tex/generic/
pgf/basiclayer/pgfcoreimage.code.tex"
("/Users/naphann/Library/Application Support/MiKTeX/texmfs/install/tex/generic/
pgf/basiclayer/pgfcoreexternal.code.tex"))
("/Users/naphann/Library/Application Support/MiKTeX/texmfs/install/tex/generic/
pgf/basiclayer/pgfcorelayers.code.tex")
("/Users/naphann/Library/Application Support/MiKTeX/texmfs/install/tex/generic/
pgf/basiclayer/pgfcoretransparency.code.tex")
("/Users/naphann/Library/Application Support/MiKTeX/texmfs/install/tex/generic/
pgf/basiclayer/pgfcorepatterns.code.tex")))
("/Users/naphann/Library/Application Support/MiKTeX/texmfs/install/tex/latex/pg
f/utilities/xxcolor.sty")
("/Users/naphann/Library/Application Support/MiKTeX/texmfs/install/tex/generic/
oberdiek/atbegshi.sty"
("/Users/naphann/Library/Application Support/MiKTeX/texmfs/install/tex/generic/
oberdiek/infwarerr.sty")
("/Users/naphann/Library/Application Support/MiKTeX/texmfs/install/tex/generic/
oberdiek/ltxcmds.sty"))
("/Users/naphann/Library/Application Support/MiKTeX/texmfs/install/tex/latex/hy
perref/hyperref.sty"
("/Users/naphann/Library/Application Support/MiKTeX/texmfs/install/tex/generic/
oberdiek/hobsub-hyperref.sty"
("/Users/naphann/Library/Application Support/MiKTeX/texmfs/install/tex/generic/
oberdiek/hobsub-generic.sty"))
("/Users/naphann/Library/Application Support/MiKTeX/texmfs/install/tex/latex/ob
erdiek/auxhook.sty")
("/Users/naphann/Library/Application Support/MiKTeX/texmfs/install/tex/latex/ob
erdiek/kvoptions.sty")
("/Users/naphann/Library/Application Support/MiKTeX/texmfs/install/tex/latex/hy
perref/pd1enc.def")
("/Users/naphann/Library/Application Support/MiKTeX/texmfs/install/tex/latex/00
miktex/hyperref.cfg")
("/Users/naphann/Library/Application Support/MiKTeX/texmfs/install/tex/latex/ur
l/url.sty")

Package hyperref Message: Stopped early.

)
("/Users/naphann/Library/Application Support/MiKTeX/texmfs/install/tex/latex/hy
perref/hpdftex.def"
("/Users/naphann/Library/Application Support/MiKTeX/texmfs/install/tex/latex/ob
erdiek/rerunfilecheck.sty"))
("/Users/naphann/Library/Application Support/MiKTeX/texmfs/install/tex/latex/be
amer/beamerbaserequires.sty"
("/Users/naphann/Library/Application Support/MiKTeX/texmfs/install/tex/latex/be
amer/beamerbasecompatibility.sty")
("/Users/naphann/Library/Application Support/MiKTeX/texmfs/install/tex/latex/be
amer/beamerbasefont.sty"
("/Users/naphann/Library/Application Support/MiKTeX/texmfs/install/tex/latex/am
sfonts/amssymb.sty"
("/Users/naphann/Library/Application Support/MiKTeX/texmfs/install/tex/latex/am
sfonts/amsfonts.sty"))
("/Users/naphann/Library/Application Support/MiKTeX/texmfs/install/tex/latex/sa
nsmathaccent/sansmathaccent.sty"
("/Users/naphann/Library/Application Support/MiKTeX/texmfs/install/tex/latex/fi
lehook/filehook.sty")))
("/Users/naphann/Library/Application Support/MiKTeX/texmfs/install/tex/latex/be
amer/beamerbasetranslator.sty"
("/Users/naphann/Library/Application Support/MiKTeX/texmfs/install/tex/latex/tr
anslator/translator.sty"))
("/Users/naphann/Library/Application Support/MiKTeX/texmfs/install/tex/latex/be
amer/beamerbasemisc.sty")
("/Users/naphann/Library/Application Support/MiKTeX/texmfs/install/tex/latex/be
amer/beamerbasetwoscreens.sty")
("/Users/naphann/Library/Application Support/MiKTeX/texmfs/install/tex/latex/be
amer/beamerbaseoverlay.sty")
("/Users/naphann/Library/Application Support/MiKTeX/texmfs/install/tex/latex/be
amer/beamerbasetitle.sty")
("/Users/naphann/Library/Application Support/MiKTeX/texmfs/install/tex/latex/be
amer/beamerbasesection.sty")
("/Users/naphann/Library/Application Support/MiKTeX/texmfs/install/tex/latex/be
amer/beamerbaseframe.sty")
("/Users/naphann/Library/Application Support/MiKTeX/texmfs/install/tex/latex/be
amer/beamerbaseverbatim.sty")
("/Users/naphann/Library/Application Support/MiKTeX/texmfs/install/tex/latex/be
amer/beamerbaseframesize.sty")
("/Users/naphann/Library/Application Support/MiKTeX/texmfs/install/tex/latex/be
amer/beamerbaseframecomponents.sty")
("/Users/naphann/Library/Application Support/MiKTeX/texmfs/install/tex/latex/be
amer/beamerbasecolor.sty")
("/Users/naphann/Library/Application Support/MiKTeX/texmfs/install/tex/latex/be
amer/beamerbasenotes.sty")
("/Users/naphann/Library/Application Support/MiKTeX/texmfs/install/tex/latex/be
amer/beamerbasetoc.sty")
("/Users/naphann/Library/Application Support/MiKTeX/texmfs/install/tex/latex/be
amer/beamerbasetemplates.sty"
("/Users/naphann/Library/Application Support/MiKTeX/texmfs/install/tex/latex/be
amer/beamerbaseauxtemplates.sty"
("/Users/naphann/Library/Application Support/MiKTeX/texmfs/install/tex/latex/be
amer/beamerbaseboxes.sty")))
("/Users/naphann/Library/Application Support/MiKTeX/texmfs/install/tex/latex/be
amer/beamerbaselocalstructure.sty"
("/Users/naphann/Library/Application Support/MiKTeX/texmfs/install/tex/latex/to
ols/enumerate.sty"))
("/Users/naphann/Library/Application Support/MiKTeX/texmfs/install/tex/latex/be
amer/beamerbasenavigation.sty")
("/Users/naphann/Library/Application Support/MiKTeX/texmfs/install/tex/latex/be
amer/beamerbasetheorems.sty"
("/Users/naphann/Library/Application Support/MiKTeX/texmfs/install/tex/latex/am
smath/amsmath.sty"
For additional information on amsmath, use the `?' option.

("/Users/naphann/Library/Application Support/MiKTeX/texmfs/install/tex/latex/am
smath/amstext.sty"
("/Users/naphann/Library/Application Support/MiKTeX/texmfs/install/tex/latex/am
smath/amsgen.sty"))
("/Users/naphann/Library/Application Support/MiKTeX/texmfs/install/tex/latex/am
smath/amsbsy.sty")
("/Users/naphann/Library/Application Support/MiKTeX/texmfs/install/tex/latex/am
smath/amsopn.sty"))
("/Users/naphann/Library/Application Support/MiKTeX/texmfs/install/tex/latex/am
scls/amsthm.sty"))
("/Users/naphann/Library/Application Support/MiKTeX/texmfs/install/tex/latex/be
amer/beamerbasethemes.sty"))
("/Users/naphann/Library/Application Support/MiKTeX/texmfs/install/tex/latex/be
amer/beamerthemedefault.sty"
("/Users/naphann/Library/Application Support/MiKTeX/texmfs/install/tex/latex/be
amer/beamerfontthemedefault.sty")
("/Users/naphann/Library/Application Support/MiKTeX/texmfs/install/tex/latex/be
amer/beamercolorthemedefault.sty")
("/Users/naphann/Library/Application Support/MiKTeX/texmfs/install/tex/latex/be
amer/beamerinnerthemedefault.sty")
("/Users/naphann/Library/Application Support/MiKTeX/texmfs/install/tex/latex/be
amer/beamerouterthemedefault.sty")))
("/Users/naphann/Library/Application Support/MiKTeX/texmfs/install/tex/latex/be
amerposter/beamerposter.sty"
("/Users/naphann/Library/Application Support/MiKTeX/texmfs/install/tex/latex/xk
eyval/xkeyval.sty"
("/Users/naphann/Library/Application Support/MiKTeX/texmfs/install/tex/generic/
xkeyval/xkeyval.tex"
("/Users/naphann/Library/Application Support/MiKTeX/texmfs/install/tex/generic/
xkeyval/xkvutils.tex")))
("/Users/naphann/Library/Application Support/MiKTeX/texmfs/install/tex/latex/ty
pe1cm/type1cm.sty")
("/Users/naphann/Library/Application Support/MiKTeX/texmfs/install/tex/latex/fp
/fp.sty" `Fixed Point Package', Version 0.8, April 2, 1995 (C) Michael Mehlich
("/Users/naphann/Library/Application Support/MiKTeX/texmfs/install/tex/latex/fp
/defpattern.sty")
("/Users/naphann/Library/Application Support/MiKTeX/texmfs/install/tex/latex/fp
/fp-basic.sty")
("/Users/naphann/Library/Application Support/MiKTeX/texmfs/install/tex/latex/fp
/fp-addons.sty")
("/Users/naphann/Library/Application Support/MiKTeX/texmfs/install/tex/latex/fp
/fp-snap.sty")
("/Users/naphann/Library/Application Support/MiKTeX/texmfs/install/tex/latex/fp
/fp-exp.sty")
("/Users/naphann/Library/Application Support/MiKTeX/texmfs/install/tex/latex/fp
/fp-trigo.sty")
("/Users/naphann/Library/Application Support/MiKTeX/texmfs/install/tex/latex/fp
/fp-pas.sty")
("/Users/naphann/Library/Application Support/MiKTeX/texmfs/install/tex/latex/fp
/fp-random.sty")
("/Users/naphann/Library/Application Support/MiKTeX/texmfs/install/tex/latex/fp
/fp-eqn.sty")
("/Users/naphann/Library/Application Support/MiKTeX/texmfs/install/tex/latex/fp
/fp-upn.sty")
("/Users/naphann/Library/Application Support/MiKTeX/texmfs/install/tex/latex/fp
/fp-eval.sty")) ( FP-UPN ( FP-MUL ) ( FP-ROUND ) ) ( FP-UPN ( FP-SUB ) )
( FP-UPN ( FP-SUB ) ) ( FP-UPN ( FP-MUL ) ( FP-ROUND ) ) ( FP-UPN ( FP-MUL )
( FP-ROUND ) ) ( FP-UPN ( FP-MUL ) ( FP-ROUND ) ) ( FP-UPN ( FP-MUL )
( FP-ROUND ) ) ( FP-UPN ( FP-MUL ) ( FP-ROUND ) ) ( FP-UPN ( FP-MUL )
( FP-ROUND ) ) ( FP-UPN ( FP-MUL ) ( FP-ROUND ) ) ( FP-UPN ( FP-MUL )
( FP-ROUND ) ) ( FP-UPN ( FP-MUL ) ( FP-ROUND ) ) ( FP-UPN ( FP-MUL )
( FP-ROUND ) ) ( FP-UPN ( FP-MUL ) ( FP-ROUND ) ) ( FP-UPN ( FP-MUL )
( FP-ROUND ) ) ( FP-UPN ( FP-MUL ) ( FP-ROUND ) ) ( FP-UPN ( FP-MUL )
( FP-ROUND ) ) ( FP-UPN ( FP-MUL ) ( FP-ROUND ) ) ( FP-UPN ( FP-MUL )
( FP-ROUND ) ) ( FP-UPN ( FP-MUL ) ( FP-ROUND ) ) ( FP-UPN ( FP-MUL )
( FP-ROUND ) ) ( FP-UPN ( FP-MUL ) ( FP-ROUND ) ) ( FP-UPN ( FP-MUL )
( FP-ROUND ) ) ( FP-UPN ( FP-MUL ) ( FP-ROUND ) ) ( FP-UPN ( FP-MUL )
( FP-ROUND ) ) ( FP-UPN ( FP-MUL ) ( FP-ROUND ) ) ( FP-UPN ( FP-MUL )
( FP-ROUND ) ) ( FP-UPN ( FP-MUL ) ( FP-ROUND ) ) ( FP-UPN ( FP-MUL )
( FP-ROUND ) ) ( FP-UPN ( FP-MUL ) ( FP-ROUND ) ) ( FP-UPN ( FP-MUL )
( FP-ROUND ) ) ( FP-UPN ( FP-MUL ) ( FP-ROUND ) ) ( FP-UPN ( FP-MUL )
( FP-ROUND ) ) ( FP-UPN ( FP-MUL ) ( FP-ROUND ) ) ( FP-UPN ( FP-MUL )
( FP-ROUND ) ))
("/Users/naphann/Library/Application Support/MiKTeX/texmfs/install/tex/latex/qc
ircuit/qcircuit.sty"
("/Users/naphann/Library/Application Support/MiKTeX/texmfs/install/tex/generic/
xypic/xy.sty"
("/Users/naphann/Library/Application Support/MiKTeX/texmfs/install/tex/generic/
xypic/xy.tex" Bootstrap'ing: catcodes, docmode,
("/Users/naphann/Library/Application Support/MiKTeX/texmfs/install/tex/generic/
xypic/xyrecat.tex")
("/Users/naphann/Library/Application Support/MiKTeX/texmfs/install/tex/generic/
xypic/xyidioms.tex")

 Xy-pic version 3.8.9 <2013/10/06>
 Copyright (c) 1991-2013 by Kristoffer H. Rose <krisrose@tug.org> and others
 Xy-pic is free software: see the User's Guide for details.

Loading kernel: messages; fonts; allocations: state, direction,
utility macros; pictures: \xy, positions, objects, decorations;
kernel objects: directionals, circles, text; options; algorithms: directions,
edges, connections;  Xy-pic loaded)
("/Users/naphann/Library/Application Support/MiKTeX/texmfs/install/tex/generic/
xypic/xypdf.tex"  Xy-pic option: PDF driver v.1.7 loaded))
("/Users/naphann/Library/Application Support/MiKTeX/texmfs/install/tex/generic/
xypic/xymatrix.tex"  Xy-pic option: Matrix feature v.3.14 loaded)
("/Users/naphann/Library/Application Support/MiKTeX/texmfs/install/tex/generic/
xypic/xyframe.tex"  Xy-pic option: Frame and Bracket extension v.3.14 loaded)
Xy-pic pdf driver: `frame' extension support
("/Users/naphann/Library/Application Support/MiKTeX/texmfs/install/tex/generic/
xypic/xypdf-fr.tex"
("/Users/naphann/Library/Application Support/MiKTeX/texmfs/install/tex/generic/
xypic/xycurve.tex"  Xy-pic option: Curve and Spline extension v.3.12 curve,
circles, loaded) Xy-pic pdf driver: `curve' extension support
("/Users/naphann/Library/Application Support/MiKTeX/texmfs/install/tex/generic/
xypic/xypdf-cu.tex" loaded) loaded)
("/Users/naphann/Library/Application Support/MiKTeX/texmfs/install/tex/generic/
xypic/xyarrow.tex"  Xy-pic option: Arrow and Path feature v.3.9 path, \ar,
loaded)
("/Users/naphann/Library/Application Support/MiKTeX/texmfs/install/tex/generic/
xypic/xyarc.tex"  Xy-pic option: Circle, Ellipse, Arc feature v.3.8 circles,
ellipses, elliptical arcs, loaded)){/Users/naphann/Library/Application Support/
MiKTeX/texmfs/data/pdftex/config/pdftex.map}{/Users/naphann/Library/Application
 Support/MiKTeX/texmfs/install/fonts/map/dvips/sansmathaccent/sansmathaccent.ma
p

pdfTeX warning: pdflatex (file /Users/naphann/Library/Application Support/MiKTe
X/texmfs/install/fonts/map/dvips/sansmathaccent/sansmathaccent.map): fontmap en
try for `mathkerncmssi8' already exists, duplicates ignored


pdfTeX warning: pdflatex (file /Users/naphann/Library/Application Support/MiKTe
X/texmfs/install/fonts/map/dvips/sansmathaccent/sansmathaccent.map): fontmap en
try for `mathkerncmssi9' already exists, duplicates ignored


pdfTeX warning: pdflatex (file /Users/naphann/Library/Application Support/MiKTe
X/texmfs/install/fonts/map/dvips/sansmathaccent/sansmathaccent.map): fontmap en
try for `mathkerncmssi10' already exists, duplicates ignored


pdfTeX warning: pdflatex (file /Users/naphann/Library/Application Support/MiKTe
X/texmfs/install/fonts/map/dvips/sansmathaccent/sansmathaccent.map): fontmap en
try for `mathkerncmssi12' already exists, duplicates ignored


pdfTeX warning: pdflatex (file /Users/naphann/Library/Application Support/MiKTe
X/texmfs/install/fonts/map/dvips/sansmathaccent/sansmathaccent.map): fontmap en
try for `mathkerncmssi17' already exists, duplicates ignored
}
No file circuit.aux.
*geometry* driver: auto-detecting
*geometry* detected driver: pdftex

("/Users/naphann/Library/Application Support/MiKTeX/texmfs/install/tex/context/
base/supp-pdf.mkii"
[Loading MPS to PDF converter (version 2006.09.02).]
)
("/Users/naphann/Library/Application Support/MiKTeX/texmfs/install/tex/latex/ob
erdiek/epstopdf-base.sty"
("/Users/naphann/Library/Application Support/MiKTeX/texmfs/install/tex/latex/ob
erdiek/grfext.sty")) ABD: EveryShipout initializing macros

Package hyperref Warning: Draft mode on.


("/Users/naphann/Library/Application Support/MiKTeX/texmfs/install/tex/latex/hy
perref/nameref.sty"
("/Users/naphann/Library/Application Support/MiKTeX/texmfs/install/tex/generic/
oberdiek/gettitlestring.sty"))
("/Users/naphann/Library/Application Support/MiKTeX/texmfs/install/tex/latex/tr
anslator/translator-basic-dictionary-English.dict")
("/Users/naphann/Library/Application Support/MiKTeX/texmfs/install/tex/latex/tr
anslator/translator-bibliography-dictionary-English.dict")
("/Users/naphann/Library/Application Support/MiKTeX/texmfs/install/tex/latex/tr
anslator/translator-environment-dictionary-English.dict")
("/Users/naphann/Library/Application Support/MiKTeX/texmfs/install/tex/latex/tr
anslator/translator-months-dictionary-English.dict")
("/Users/naphann/Library/Application Support/MiKTeX/texmfs/install/tex/latex/tr
anslator/translator-numbers-dictionary-English.dict")
("/Users/naphann/Library/Application Support/MiKTeX/texmfs/install/tex/latex/tr
anslator/translator-theorem-dictionary-English.dict")
("/Users/naphann/Library/Application Support/MiKTeX/texmfs/install/tex/latex/sa
nsmathaccent/ot1mathkerncmss.fd")
No file circuit.nav.
<xymatrix 417x15
! Dimension too large.
<argument> \dimen@ =\X@c 
                         \advance \dimen@ -\L@c \ifdim \dimen@ <\xy@minX@@ \...
l.33 	 }
        
!  ==> Fatal error occurred, no output PDF file produced!
Transcript written on /var/folders/7l/1tpv38hj2fvdkq4slfx1ldcw0000gn/T/tmp547a4
3_z/circuit.log.
